<?xml version="1.0" encoding="UTF-8"?>
<testsuite xmlns:xsi="http://www.w3.org/2001/XMLSchema-instance" xsi:noNamespaceSchemaLocation="https://maven.apache.org/surefire/maven-surefire-plugin/xsd/surefire-test-report-3.0.xsd" version="3.0" name="fr.univavignon.pokedex.api.IPokedexTest" time="0.054" tests="4" errors="0" skipped="0" failures="0">
  <properties>
[...]
</properties>
  <testcase name="testSize" classname="fr.univavignon.pokedex.api.IPokedexTest" time="0.028"/>
  <testcase name="testAddAndGetPokemon" classname="fr.univavignon.pokedex.api.IPokedexTest" time="0.009"/>
  <testcase name="testGetPokemonsWithComparator" classname="fr.univavignon.pokedex.api.IPokedexTest" time="0.005"/>
  <testcase name="testGetPokemons" classname="fr.univavignon.pokedex.api.IPokedexTest" time="0.003"/>
</testsuite>